<?xml version="1.0" encoding="UTF-8" ?>
<testsuite tests="6" failures="0" name="runner.TestRunner" time="0.021" errors="2" skipped="2">
  <properties>
[...]
</properties>
  <testcase classname="Scenario: User navigate to site and fills user form after fills card detail and show popup" name="Given a web browser is at the BeinSportsConnect home page" time="0.002"/>
  <testcase classname="Scenario: User navigate to site and fills user form after fills card detail and show popup" name="When user clicks subscribe button and selects Monthly Pass with One Week Free Trial" time="0"/>
  <testcase classname="Scenario: User navigate to site and fills user form after fills card detail and show popup" name="And user fills user information detail and click create account button" time="0.003">
    <error message="no such window: target window already closed
from unknown error: web view not found
  (Session info: chrome=78.0.3904.87)
Build info: version: &apos;3.8.1&apos;, revision: &apos;6e95a6684b&apos;, time: &apos;2017-12-01T18:33:54.468Z&apos;
System info: host: &apos;02484840Bs-MacBook-Pro.local&apos;, ip: &apos;fe80:0:0:0:4ec:3480:6d0a:fd3f%en0&apos;, os.name: &apos;Mac OS X&apos;, os.arch: &apos;x86_64&apos;, os.version: &apos;10.14.6&apos;, java.version: &apos;1.8.0_221&apos;
Driver info: org.openqa.selenium.chrome.ChromeDriver
Capabilities {acceptInsecureCerts: false, browserName: chrome, browserVersion: 78.0.3904.87, chrome: {chromedriverVersion: 78.0.3904.70 (edb9c9f3de024..., userDataDir: /var/folders/9h/zl96m3md12l...}, goog:chromeOptions: {debuggerAddress: localhost:63779}, javascriptEnabled: true, networkConnectionEnabled: false, pageLoadStrategy: normal, platform: MAC, platformName: MAC, proxy: Proxy(), setWindowRect: true, strictFileInteractability: false, timeouts: {implicit: 0, pageLoad: 300000, script: 30000}, unhandledPromptBehavior: dismiss and notify}
Session ID: 8c855fc1bbc7c9658660f9977c113181" type="org.openqa.selenium.NoSuchWindowException">org.openqa.selenium.NoSuchWindowException: no such window: target window already closed
from unknown error: web view not found
  (Session info: chrome=78.0.3904.87)
Build info: version: &apos;3.8.1&apos;, revision: &apos;6e95a6684b&apos;, time: &apos;2017-12-01T18:33:54.468Z&apos;
System info: host: &apos;02484840Bs-MacBook-Pro.local&apos;, ip: &apos;fe80:0:0:0:4ec:3480:6d0a:fd3f%en0&apos;, os.name: &apos;Mac OS X&apos;, os.arch: &apos;x86_64&apos;, os.version: &apos;10.14.6&apos;, java.version: &apos;1.8.0_221&apos;
Driver info: org.openqa.selenium.chrome.ChromeDriver
Capabilities {acceptInsecureCerts: false, browserName: chrome, browserVersion: 78.0.3904.87, chrome: {chromedriverVersion: 78.0.3904.70 (edb9c9f3de024..., userDataDir: /var/folders/9h/zl96m3md12l...}, goog:chromeOptions: {debuggerAddress: localhost:63779}, javascriptEnabled: true, networkConnectionEnabled: false, pageLoadStrategy: normal, platform: MAC, platformName: MAC, proxy: Proxy(), setWindowRect: true, strictFileInteractability: false, timeouts: {implicit: 0, pageLoad: 300000, script: 30000}, unhandledPromptBehavior: dismiss and notify}
Session ID: 8c855fc1bbc7c9658660f9977c113181
	at sun.reflect.NativeConstructorAccessorImpl.newInstance0(Native Method)
	at sun.reflect.NativeConstructorAccessorImpl.newInstance(NativeConstructorAccessorImpl.java:62)
	at sun.reflect.DelegatingConstructorAccessorImpl.newInstance(DelegatingConstructorAccessorImpl.java:45)
	at java.lang.reflect.Constructor.newInstance(Constructor.java:423)
	at org.openqa.selenium.remote.http.W3CHttpResponseCodec.createException(W3CHttpResponseCodec.java:187)
	at org.openqa.selenium.remote.http.W3CHttpResponseCodec.decode(W3CHttpResponseCodec.java:122)
	at org.openqa.selenium.remote.http.W3CHttpResponseCodec.decode(W3CHttpResponseCodec.java:49)
	at org.openqa.selenium.remote.HttpCommandExecutor.execute(HttpCommandExecutor.java:164)
	at org.openqa.selenium.remote.service.DriverCommandExecutor.execute(DriverCommandExecutor.java:83)
	at org.openqa.selenium.remote.RemoteWebDriver.execute(RemoteWebDriver.java:601)
	at org.openqa.selenium.remote.RemoteWebDriver.execute(RemoteWebDriver.java:658)
	at org.openqa.selenium.remote.RemoteWebDriver.getScreenshotAs(RemoteWebDriver.java:343)
	at scenarios.base.StepManager.takeScreenshot(StepManager.java:109)
	at scenarios.base.StepManager.getElement(StepManager.java:83)
	at scenarios.testcases.SubscribeStep.userFillsUserInformationDetailAndClickCreateAccountButton(SubscribeStep.java:40)
	at ✽.And user fills user information detail and click create account button(src/test/resources/Subscribe.feature:7)
</error>
    <system-out>find element method errornull
</system-out>
  </testcase>
  <testcase classname="Scenario: User navigate to site and fills user form after fills card detail and show popup" name="Scenario: User navigate to site and fills user form after fills card detail and show popup" time="0.005">
    <error message="no such window: target window already closed
from unknown error: web view not found
  (Session info: chrome=78.0.3904.87)
Build info: version: &apos;3.8.1&apos;, revision: &apos;6e95a6684b&apos;, time: &apos;2017-12-01T18:33:54.468Z&apos;
System info: host: &apos;02484840Bs-MacBook-Pro.local&apos;, ip: &apos;fe80:0:0:0:4ec:3480:6d0a:fd3f%en0&apos;, os.name: &apos;Mac OS X&apos;, os.arch: &apos;x86_64&apos;, os.version: &apos;10.14.6&apos;, java.version: &apos;1.8.0_221&apos;
Driver info: org.openqa.selenium.chrome.ChromeDriver
Capabilities {acceptInsecureCerts: false, browserName: chrome, browserVersion: 78.0.3904.87, chrome: {chromedriverVersion: 78.0.3904.70 (edb9c9f3de024..., userDataDir: /var/folders/9h/zl96m3md12l...}, goog:chromeOptions: {debuggerAddress: localhost:63779}, javascriptEnabled: true, networkConnectionEnabled: false, pageLoadStrategy: normal, platform: MAC, platformName: MAC, proxy: Proxy(), setWindowRect: true, strictFileInteractability: false, timeouts: {implicit: 0, pageLoad: 300000, script: 30000}, unhandledPromptBehavior: dismiss and notify}
Session ID: 8c855fc1bbc7c9658660f9977c113181" type="org.openqa.selenium.NoSuchWindowException">org.openqa.selenium.NoSuchWindowException: no such window: target window already closed
from unknown error: web view not found
  (Session info: chrome=78.0.3904.87)
Build info: version: &apos;3.8.1&apos;, revision: &apos;6e95a6684b&apos;, time: &apos;2017-12-01T18:33:54.468Z&apos;
System info: host: &apos;02484840Bs-MacBook-Pro.local&apos;, ip: &apos;fe80:0:0:0:4ec:3480:6d0a:fd3f%en0&apos;, os.name: &apos;Mac OS X&apos;, os.arch: &apos;x86_64&apos;, os.version: &apos;10.14.6&apos;, java.version: &apos;1.8.0_221&apos;
Driver info: org.openqa.selenium.chrome.ChromeDriver
Capabilities {acceptInsecureCerts: false, browserName: chrome, browserVersion: 78.0.3904.87, chrome: {chromedriverVersion: 78.0.3904.70 (edb9c9f3de024..., userDataDir: /var/folders/9h/zl96m3md12l...}, goog:chromeOptions: {debuggerAddress: localhost:63779}, javascriptEnabled: true, networkConnectionEnabled: false, pageLoadStrategy: normal, platform: MAC, platformName: MAC, proxy: Proxy(), setWindowRect: true, strictFileInteractability: false, timeouts: {implicit: 0, pageLoad: 300000, script: 30000}, unhandledPromptBehavior: dismiss and notify}
Session ID: 8c855fc1bbc7c9658660f9977c113181
	at sun.reflect.NativeConstructorAccessorImpl.newInstance0(Native Method)
	at sun.reflect.NativeConstructorAccessorImpl.newInstance(NativeConstructorAccessorImpl.java:62)
	at sun.reflect.DelegatingConstructorAccessorImpl.newInstance(DelegatingConstructorAccessorImpl.java:45)
	at java.lang.reflect.Constructor.newInstance(Constructor.java:423)
	at org.openqa.selenium.remote.http.W3CHttpResponseCodec.createException(W3CHttpResponseCodec.java:187)
	at org.openqa.selenium.remote.http.W3CHttpResponseCodec.decode(W3CHttpResponseCodec.java:122)
	at org.openqa.selenium.remote.http.W3CHttpResponseCodec.decode(W3CHttpResponseCodec.java:49)
	at org.openqa.selenium.remote.HttpCommandExecutor.execute(HttpCommandExecutor.java:164)
	at org.openqa.selenium.remote.service.DriverCommandExecutor.execute(DriverCommandExecutor.java:83)
	at org.openqa.selenium.remote.RemoteWebDriver.execute(RemoteWebDriver.java:601)
	at org.openqa.selenium.remote.RemoteWebDriver.execute(RemoteWebDriver.java:658)
	at org.openqa.selenium.remote.RemoteWebDriver.getScreenshotAs(RemoteWebDriver.java:343)
	at scenarios.base.StepManager.takeScreenshot(StepManager.java:109)
	at scenarios.base.StepManager.getElement(StepManager.java:83)
	at scenarios.testcases.SubscribeStep.userFillsUserInformationDetailAndClickCreateAccountButton(SubscribeStep.java:40)
	at ✽.And user fills user information detail and click create account button(src/test/resources/Subscribe.feature:7)
</error>
  </testcase>
  <testcase classname="Scenario: User navigate to site and fills user form after fills card detail and show popup" name="And user fills card detail and clicks confirm payment method" time="0.005">
    <skipped/>
  </testcase>
  <testcase classname="Scenario: User navigate to site and fills user form after fills card detail and show popup" name="Then user shows error popup" time="0.006">
    <skipped/>
  </testcase>
</testsuite>